<?xml version="1.0" encoding="UTF-8"?>
<!-- Generated by org.testng.reporters.JUnitReportReporter -->
<testsuite skipped="0" hostname="SLAP162" name="org.DataDrivenAutomation.testcases.TC_001_validateLoginFunctionalityTest" tests="4" failures="0" timestamp="05 Mar 2019 06:22:50 GMT" time="24.921" errors="0">
  <testcase name="TC_001_loginFunctionality" time="6.156" classname="org.DataDrivenAutomation.testcases.TC_001_validateLoginFunctionalityTest"/>
  <testcase name="TC_001_loginFunctionality" time="6.030" classname="org.DataDrivenAutomation.testcases.TC_001_validateLoginFunctionalityTest"/>
  <testcase name="TC_001_loginFunctionality" time="6.696" classname="org.DataDrivenAutomation.testcases.TC_001_validateLoginFunctionalityTest"/>
  <testcase name="TC_001_loginFunctionality" time="6.039" classname="org.DataDrivenAutomation.testcases.TC_001_validateLoginFunctionalityTest"/>
</testsuite> <!-- org.DataDrivenAutomation.testcases.TC_001_validateLoginFunctionalityTest -->
