<?xml version="1.0" encoding="UTF-8"?>
<!-- Generated by org.testng.reporters.JUnitReportReporter -->
<testsuite skipped="0" hostname="SLAP162" name="org.DataDrivenAutomation.testcases.TC_001_validateSignUPFunctionalityTest" tests="2" failures="0" timestamp="05 Mar 2019 06:22:50 GMT" time="17.624" errors="0">
  <testcase name="TC_001_signUpFunctionality" time="10.433" classname="org.DataDrivenAutomation.testcases.TC_001_validateSignUPFunctionalityTest"/>
  <testcase name="TC_001_signUpFunctionality" time="7.191" classname="org.DataDrivenAutomation.testcases.TC_001_validateSignUPFunctionalityTest"/>
</testsuite> <!-- org.DataDrivenAutomation.testcases.TC_001_validateSignUPFunctionalityTest -->
